ant:

<mkdir dir="C:\Users\IEUser\Documents\MATLAB\AeronetDraw\distrib" />
<mkdir dir="C:\Users\IEUser\Documents\MATLAB\AeronetDraw\src" />
mcc -W 'dotnet:AeronetDraw,Drawing,0.0,private' -T link:lib -d C:\Users\IEUser\Documents\MATLAB\AeronetDraw\src -w enable:specified_file_mismatch -w enable:repeated_file -w enable:switch_ignored -w enable:missing_lib_sentinel -w enable:demo_license -v 'class{Drawing:C:\Users\IEUser\Documents\AeronetDraw\DrawAeronetInversions.m,C:\Users\IEUser\Documents\AeronetDraw\DrawSSA.m,C:\Users\IEUser\Documents\AeronetDraw\DrawSSAStatistisc.m,C:\Users\IEUser\Documents\AeronetDraw\MatrixAeronet.m}'
Compiler version: 4.17 (R2012a)
Processing C:\Program Files\MATLAB\R2012a\toolbox\matlab\mcc.enc
Processing C:\Program Files\MATLAB\R2012a\toolbox\stats\mcc.enc
Processing include files...
2 item(s) added.
Processing directories installed with MCR...
The file C:\Users\IEUser\Documents\MATLAB\AeronetDraw\src\mccExcludedFiles.log contains a list of functions excluded from the CTF archive.
1 item(s) added.
Generating MATLAB path for the compiled application...
Created 42 path items.
Begin validation of MEX files: Sat Jul 02 00:24:01 2016
Validating 'C:\Program Files\MATLAB\R2012a\toolbox\stats\stats\@sobolset\private\DNToMatrix.mexw32'.
No conflicting MATLAB file found.
Validating 'C:\Program Files\MATLAB\R2012a\toolbox\stats\stats\@sobolset\private\MatrixToDN.mexw32'.
No conflicting MATLAB file found.
Validating 'C:\Program Files\MATLAB\R2012a\toolbox\stats\stats\@sobolset\private\computeDN.mexw32'.
No conflicting MATLAB file found.
Validating 'C:\Program Files\MATLAB\R2012a\toolbox\stats\stats\@sobolset\private\convertToDouble.mexw32'.
No conflicting MATLAB file found.
Validating 'C:\Program Files\MATLAB\R2012a\toolbox\stats\stats\@sobolset\private\matrixBitXor.mexw32'.
No conflicting MATLAB file found.
Validating 'C:\Program Files\MATLAB\R2012a\toolbox\stats\stats\@sobolset\private\sobolIndexed.mexw32'.
No conflicting MATLAB file found.
Validating 'C:\Program Files\MATLAB\R2012a\toolbox\stats\stats\@sobolset\private\sobolNet.mexw32'.
No conflicting MATLAB file found.
Validating 'C:\Program Files\MATLAB\R2012a\toolbox\stats\stats\@sobolset\private\sobolPoint.mexw32'.
No conflicting MATLAB file found.
Validating 'C:\Program Files\MATLAB\R2012a\toolbox\stats\stats\@sobolset\private\sobolSequence.mexw32'.
No conflicting MATLAB file found.
End validation of MEX files: Sat Jul 02 00:24:01 2016
Warning: Adding path "C:\Users\IEUser\Documents\AeronetDraw" to Compiler path
instance.
Warning: Adding path "C:\Users\IEUser\Documents\AeronetDraw" to Compiler path
instance.
Warning: Duplicate directory name: C:\Users\IEUser\Documents\AeronetDraw.
Warning: Adding path "C:\Users\IEUser\Documents\AeronetDraw" to Compiler path
instance.
Warning: Duplicate directory name: C:\Users\IEUser\Documents\AeronetDraw.
Warning: Adding path "C:\Users\IEUser\Documents\AeronetDraw" to Compiler path
instance.
Warning: Duplicate directory name: C:\Users\IEUser\Documents\AeronetDraw.
Parsing file "C:\Users\IEUser\Documents\AeronetDraw\DrawAeronetInversions.m"
????(Referenced from: "Compiler Command Line").
Parsing file "C:\Users\IEUser\Documents\AeronetDraw\DrawSSA.m"
????(Referenced from: "Compiler Command Line").
Parsing file "C:\Users\IEUser\Documents\AeronetDraw\DrawSSAStatistisc.m"
????(Referenced from: "Compiler Command Line").
Parsing file "C:\Users\IEUser\Documents\AeronetDraw\MatrixAeronet.m"
????(Referenced from: "Compiler Command Line").
Parsing file "C:\Program Files\MATLAB\R2012a\toolbox\compiler\deploy\deployprint.m"
????(Referenced from: "Compiler Command Line").
Parsing file "C:\Program Files\MATLAB\R2012a\toolbox\compiler\deploy\printdlg.m"
????(Referenced from: "Compiler Command Line").
Deleting 9 temporary MEX authorization files.
Removing: 'C:\Users\IEUser\AppData\Local\Temp\mathworks_tmp_3636_23620_3636.auth'.
Removing: 'C:\Users\IEUser\AppData\Local\Temp\mathworks_tmp_3636_28842_3636.auth'.
Removing: 'C:\Users\IEUser\AppData\Local\Temp\mathworks_tmp_3636_30524_3636.auth'.
Removing: 'C:\Users\IEUser\AppData\Local\Temp\mathworks_tmp_3636_32084_3636.auth'.
Removing: 'C:\Users\IEUser\AppData\Local\Temp\mathworks_tmp_3636_7356_3636.auth'.
Removing: 'C:\Users\IEUser\AppData\Local\Temp\mathworks_tmp_3636_27990_3636.auth'.
Removing: 'C:\Users\IEUser\AppData\Local\Temp\mathworks_tmp_3636_9375_3636.auth'.
Removing: 'C:\Users\IEUser\AppData\Local\Temp\mathworks_tmp_3636_29383_3636.auth'.
Removing: 'C:\Users\IEUser\AppData\Local\Temp\mathworks_tmp_3636_30832_3636.auth'.
Generating file "C:\Users\IEUser\Documents\MATLAB\AeronetDraw\src\DrawingNative.cs".
Generating file "C:\Users\IEUser\Documents\MATLAB\AeronetDraw\src\Drawing.cs".
Generating file "C:\Users\IEUser\Documents\MATLAB\AeronetDraw\src\readme.txt".
Executing command: C:\Windows\Microsoft.NET\Framework\v4.0.30319\csc.exe /nologo /optimize /doc:"C:\Users\IEUser\Documents\MATLAB\AeronetDraw\src\AeronetDraw.xml" /t:library /r:"C:\Program Files\MATLAB\R2012a\toolbox\dotnetbuilder\bin\win32\v2.0\MWArray.dll" /resource:"C:\Users\IEUser\Documents\MATLAB\AeronetDraw\src\AeronetDraw.ctf" /out:"C:\Users\IEUser\Documents\MATLAB\AeronetDraw\src\AeronetDraw.dll" "C:\Users\IEUser\Documents\MATLAB\AeronetDraw\src\Drawing.cs"Executing command: C:\Windows\Microsoft.NET\Framework\v4.0.30319\csc.exe /nologo /optimize /doc:"C:\Users\IEUser\Documents\MATLAB\AeronetDraw\src\AeronetDrawNative.xml" /t:library /r:"C:\Program Files\MATLAB\R2012a\toolbox\dotnetbuilder\bin\win32\v2.0\MWArray.dll" /resource:"C:\Users\IEUser\Documents\MATLAB\AeronetDraw\src\AeronetDraw.ctf" /out:"C:\Users\IEUser\Documents\MATLAB\AeronetDraw\src\AeronetDrawNative.dll" "C:\Users\IEUser\Documents\MATLAB\AeronetDraw\src\DrawingNative.cs"
copy 'C:\Users\IEUser\Documents\MATLAB\AeronetDraw\src\AeronetDraw.dll' 'C:\Users\IEUser\Documents\MATLAB\AeronetDraw\distrib\AeronetDraw.dll'
copy 'C:\Users\IEUser\Documents\MATLAB\AeronetDraw\src\readme.txt' 'C:\Users\IEUser\Documents\MATLAB\AeronetDraw\distrib\readme.txt'
copy 'C:\Users\IEUser\Documents\MATLAB\AeronetDraw\src\AeronetDraw_overview.html' 'C:\Users\IEUser\Documents\MATLAB\AeronetDraw\distrib\AeronetDraw_overview.html'
copy 'C:\Users\IEUser\Documents\MATLAB\AeronetDraw\src\AeronetDrawNative.dll' 'C:\Users\IEUser\Documents\MATLAB\AeronetDraw\distrib\AeronetDrawNative.dll'